INFO: 2022-08-24 18:02:39,623: main() 'Using profile folder /home/technom/.config/variety/'
INFO: 2022-08-24 18:02:39,625: perform_upgrade() 'Last run version was 0.8.5 or earlier, current version is 0.8.5'
INFO: 2022-08-24 18:02:39,763: process_command() 'Received command: []'
INFO: 2022-08-24 18:02:39,765: load_banned() 'Missing or invalid banned URLs list, no URLs will be banned'
INFO: 2022-08-24 18:02:39,772: start() 'Using data_path /usr/share/variety'
INFO: 2022-08-24 18:02:39,772: load() 'Jumble loading'
INFO: 2022-08-24 18:02:39,772: _walk_modules() 'Jumble loading module in __init__ from /usr/lib/python3/dist-packages/variety/plugins/builtin/__init__.py'
INFO: 2022-08-24 18:02:39,773: _walk_modules() 'Jumble loading module in WallhavenSource from /usr/lib/python3/dist-packages/variety/plugins/builtin/downloaders/WallhavenSource.py'
INFO: 2022-08-24 18:02:39,775: load() 'Jumble found plugin class: <class 'WallhavenSource.WallhavenSource'>: {'name': 'WallhavenSource', 'description': 'Configurable source for fetching images from Wallhaven.cc', 'author': 'Peter Levi', 'version': '0.1'}'
INFO: 2022-08-24 18:02:39,775: _walk_modules() 'Jumble loading module in RedditSource from /usr/lib/python3/dist-packages/variety/plugins/builtin/downloaders/RedditSource.py'
INFO: 2022-08-24 18:02:39,776: load() 'Jumble found plugin class: <class 'RedditSource.RedditSource'>: {'name': 'RedditSource', 'description': 'Configurable source for fetching images from Reddit', 'author': 'Peter Levi', 'version': '0.1'}'
INFO: 2022-08-24 18:02:39,777: _walk_modules() 'Jumble loading module in UnsplashDownloader from /usr/lib/python3/dist-packages/variety/plugins/builtin/downloaders/UnsplashDownloader.py'
INFO: 2022-08-24 18:02:39,777: load() 'Jumble found plugin class: <class 'UnsplashDownloader.UnsplashDownloader'>: {'name': 'UnsplashDownloader', 'description': 'High-resolution photos from Unsplash.com', 'author': 'Peter Levi', 'version': '0.1'}'
INFO: 2022-08-24 18:02:39,778: _walk_modules() 'Jumble loading module in EarthviewDownloader from /usr/lib/python3/dist-packages/variety/plugins/builtin/downloaders/EarthviewDownloader.py'
INFO: 2022-08-24 18:02:39,778: load() 'Jumble found plugin class: <class 'EarthviewDownloader.EarthviewDownloader'>: {'name': 'EarthviewDownloader', 'description': 'Google Earth View Wallpapers', 'author': 'Peter Levi', 'version': '0.1'}'
INFO: 2022-08-24 18:02:39,778: _walk_modules() 'Jumble loading module in __init__ from /usr/lib/python3/dist-packages/variety/plugins/builtin/downloaders/__init__.py'
INFO: 2022-08-24 18:02:39,778: _walk_modules() 'Jumble loading module in UnsplashConfigurableSource from /usr/lib/python3/dist-packages/variety/plugins/builtin/downloaders/UnsplashConfigurableSource.py'
INFO: 2022-08-24 18:02:39,780: load() 'Jumble found plugin class: <class 'UnsplashConfigurableSource.UnsplashConfigurableSource'>: {'name': 'UnsplashConfigurableSource', 'description': 'Configurable source for fetching photos from Unsplash.com', 'author': 'Peter Levi', 'version': '0.1'}'
INFO: 2022-08-24 18:02:39,780: _walk_modules() 'Jumble loading module in BingDownloader from /usr/lib/python3/dist-packages/variety/plugins/builtin/downloaders/BingDownloader.py'
INFO: 2022-08-24 18:02:39,781: load() 'Jumble found plugin class: <class 'BingDownloader.BingDownloader'>: {'name': 'BingDownloader', 'description': 'Bing Photo of the Day', 'author': 'Peter Levi', 'version': '0.1'}'
INFO: 2022-08-24 18:02:39,781: _walk_modules() 'Jumble loading module in MediaRSSSource from /usr/lib/python3/dist-packages/variety/plugins/builtin/downloaders/MediaRSSSource.py'
INFO: 2022-08-24 18:02:39,781: load() 'Jumble found plugin class: <class 'MediaRSSSource.MediaRSSSource'>: {'name': 'MediaRSSSource', 'description': 'Configurable source for fetching images from MediaRSS feeds', 'author': 'Peter Levi', 'version': '0.1'}'
INFO: 2022-08-24 18:02:39,782: _walk_modules() 'Jumble loading module in RedditDownloader from /usr/lib/python3/dist-packages/variety/plugins/builtin/downloaders/RedditDownloader.py'
INFO: 2022-08-24 18:02:39,782: _walk_modules() 'Jumble loading module in APODDownloader from /usr/lib/python3/dist-packages/variety/plugins/builtin/downloaders/APODDownloader.py'
INFO: 2022-08-24 18:02:39,783: load() 'Jumble found plugin class: <class 'APODDownloader.APODDownloader'>: {'name': 'APODDownloader', 'description': 'NASA Astro Pic of the Day', 'author': 'Peter Levi', 'version': '0.1'}'
INFO: 2022-08-24 18:02:39,783: _walk_modules() 'Jumble loading module in WallhavenDownloader from /usr/lib/python3/dist-packages/variety/plugins/builtin/downloaders/WallhavenDownloader.py'
INFO: 2022-08-24 18:02:39,783: _walk_modules() 'Jumble loading module in MediaRSSDownloader from /usr/lib/python3/dist-packages/variety/plugins/builtin/downloaders/MediaRSSDownloader.py'
INFO: 2022-08-24 18:02:39,784: _walk_modules() 'Jumble loading module in LocalFilesSource from /usr/lib/python3/dist-packages/variety/plugins/builtin/quotes/LocalFilesSource.py'
INFO: 2022-08-24 18:02:39,785: load() 'Jumble found plugin class: <class 'LocalFilesSource.LocalFilesSource'>: {'name': 'Local text files', 'description': 'Displays quotes, defined in local text files.\nPut your own txt files in: ~/.config/variety/pluginconfig/quotes/.\nThe file format is:\n\nquote -- author\n.\nsecond quote -- another author\n.\netc...\n\nExample: http://rvelthuis.de/zips/quotes.txt', 'author': 'Peter Levi', 'version': '0.1'}'
INFO: 2022-08-24 18:02:39,785: _walk_modules() 'Jumble loading module in GoodreadsSource from /usr/lib/python3/dist-packages/variety/plugins/builtin/quotes/GoodreadsSource.py'
INFO: 2022-08-24 18:02:39,808: load() 'Jumble found plugin class: <class 'GoodreadsSource.GoodreadsSource'>: {'name': 'Goodreads', 'description': 'Fetches quotes from Goodreads.com', 'author': 'Peter Levi', 'version': '0.1'}'
INFO: 2022-08-24 18:02:39,808: _walk_modules() 'Jumble loading module in QuotationsPageSource from /usr/lib/python3/dist-packages/variety/plugins/builtin/quotes/QuotationsPageSource.py'
INFO: 2022-08-24 18:02:39,809: load() 'Jumble found plugin class: <class 'QuotationsPageSource.QuotationsPageSource'>: {'name': 'TheQuotationsPage.com', 'description': 'Fetches quotes from TheQuotationsPage.com', 'author': 'Peter Levi', 'version': '0.1'}'
INFO: 2022-08-24 18:02:39,809: _walk_modules() 'Jumble loading module in __init__ from /usr/lib/python3/dist-packages/variety/plugins/builtin/quotes/__init__.py'
INFO: 2022-08-24 18:02:39,809: _walk_modules() 'Jumble loading module in UrbanDictionarySource from /usr/lib/python3/dist-packages/variety/plugins/builtin/quotes/UrbanDictionarySource.py'
INFO: 2022-08-24 18:02:39,810: load() 'Jumble found plugin class: <class 'UrbanDictionarySource.UrbanDictionarySource'>: {'name': 'Urban Dictionary', 'description': 'Displays definitions from Urban Dictionary', 'author': 'James Miller', 'version': '0.1'}'
INFO: 2022-08-24 18:02:39,810: _walk_modules() 'Jumble loading module in FortuneSource from /usr/lib/python3/dist-packages/variety/plugins/builtin/quotes/FortuneSource.py'
INFO: 2022-08-24 18:02:39,810: load() 'Jumble found plugin class: <class 'FortuneSource.FortuneSource'>: {'name': 'UNIX fortune program', 'description': 'Displays quotes using the UNIX fortune program. You may want to install additional fortune packs, e.g. fortunes-bofh-excuses.', 'author': 'Dan Jones', 'version': '0.1'}'
INFO: 2022-08-24 18:02:39,815: log_options() 'Loaded options:'
INFO: 2022-08-24 18:02:39,815: log_options() 'change_enabled = True'
INFO: 2022-08-24 18:02:39,815: log_options() 'change_interval = 300'
INFO: 2022-08-24 18:02:39,815: log_options() 'change_on_start = False'
INFO: 2022-08-24 18:02:39,815: log_options() 'clipboard_enabled = False'
INFO: 2022-08-24 18:02:39,815: log_options() 'clipboard_hosts = ['wallhaven.cc', 'wallpapers.net', 'flickr.com', 'imgur.com', 'deviantart.com', 'interfacelift.com', 'vladstudio.com', 'imageshack.us', 'deviantart.net', 'imageshack.com']'
INFO: 2022-08-24 18:02:39,815: log_options() 'clipboard_use_whitelist = True'
INFO: 2022-08-24 18:02:39,815: log_options() 'clock_date_font = Sans 30'
INFO: 2022-08-24 18:02:39,815: log_options() 'clock_enabled = False'
INFO: 2022-08-24 18:02:39,815: log_options() 'clock_filter = -density 100 -font `fc-match -f '%{file[0]}' '%CLOCK_FONT_NAME'` -pointsize %CLOCK_FONT_SIZE -gravity SouthEast -fill '#00000044' -annotate 0x0+[%HOFFSET+58]+[%VOFFSET+108] '%H:%M' -fill white -annotate 0x0+[%HOFFSET+60]+[%VOFFSET+110] '%H:%M' -font `fc-match -f '%{file[0]}' '%DATE_FONT_NAME'` -pointsize %DATE_FONT_SIZE -fill '#00000044' -annotate 0x0+[%HOFFSET+58]+[%VOFFSET+58] '%A, %B %d' -fill white -annotate 0x0+[%HOFFSET+60]+[%VOFFSET+60] '%A, %B %d''
INFO: 2022-08-24 18:02:39,815: log_options() 'clock_font = Sans 70'
INFO: 2022-08-24 18:02:39,815: log_options() 'configfile = /home/technom/.config/variety/variety.conf'
INFO: 2022-08-24 18:02:39,815: log_options() 'copyto_enabled = False'
INFO: 2022-08-24 18:02:39,815: log_options() 'copyto_folder = Default'
INFO: 2022-08-24 18:02:39,815: log_options() 'desired_color = [160, 160, 160]'
INFO: 2022-08-24 18:02:39,815: log_options() 'desired_color_enabled = False'
INFO: 2022-08-24 18:02:39,815: log_options() 'download_folder = /home/technom/.config/variety/Downloaded'
INFO: 2022-08-24 18:02:39,815: log_options() 'download_preference_ratio = 0.9'
INFO: 2022-08-24 18:02:39,815: log_options() 'favorites_folder = /home/technom/.config/variety/Favorites'
INFO: 2022-08-24 18:02:39,815: log_options() 'favorites_operations = [['Downloaded', 'Copy'], ['Fetched', 'Move'], ['Others', 'Copy']]'
INFO: 2022-08-24 18:02:39,815: log_options() 'fetched_folder = /home/technom/.config/variety/Fetched'
INFO: 2022-08-24 18:02:39,815: log_options() 'filters = [[True, 'Keep original', ''], [False, 'Grayscale', '-type Grayscale'], [False, 'Heavy blur', '-blur 120x40'], [False, 'Soft blur', '-blur 20x7'], [False, 'Oil painting', '-paint 8'], [False, 'Pointilism', '-spread 10 -noise 3'], [False, 'Pixellate', '-scale 3% -scale 3333%']]'
INFO: 2022-08-24 18:02:39,816: log_options() 'icon = Dark'
INFO: 2022-08-24 18:02:39,816: log_options() 'lightness_enabled = False'
INFO: 2022-08-24 18:02:39,816: log_options() 'lightness_mode = 0'
INFO: 2022-08-24 18:02:39,816: log_options() 'min_rating = 4'
INFO: 2022-08-24 18:02:39,816: log_options() 'min_rating_enabled = False'
INFO: 2022-08-24 18:02:39,816: log_options() 'min_size = 80'
INFO: 2022-08-24 18:02:39,816: log_options() 'min_size_enabled = False'
INFO: 2022-08-24 18:02:39,816: log_options() 'quota_enabled = True'
INFO: 2022-08-24 18:02:39,816: log_options() 'quota_size = 1000'
INFO: 2022-08-24 18:02:39,816: log_options() 'quotes_authors = '
INFO: 2022-08-24 18:02:39,816: log_options() 'quotes_bg_color = [80, 80, 80]'
INFO: 2022-08-24 18:02:39,816: log_options() 'quotes_bg_opacity = 55'
INFO: 2022-08-24 18:02:39,816: log_options() 'quotes_change_enabled = False'
INFO: 2022-08-24 18:02:39,816: log_options() 'quotes_change_interval = 300'
INFO: 2022-08-24 18:02:39,816: log_options() 'quotes_disabled_sources = ['Urban Dictionary']'
INFO: 2022-08-24 18:02:39,816: log_options() 'quotes_enabled = False'
INFO: 2022-08-24 18:02:39,816: log_options() 'quotes_favorites_file = /home/technom/.config/variety/favorite_quotes.txt'
INFO: 2022-08-24 18:02:39,816: log_options() 'quotes_font = Sans 30'
INFO: 2022-08-24 18:02:39,816: log_options() 'quotes_hpos = 100'
INFO: 2022-08-24 18:02:39,816: log_options() 'quotes_max_length = 250'
INFO: 2022-08-24 18:02:39,816: log_options() 'quotes_tags = '
INFO: 2022-08-24 18:02:39,816: log_options() 'quotes_text_color = [255, 255, 255]'
INFO: 2022-08-24 18:02:39,816: log_options() 'quotes_text_shadow = False'
INFO: 2022-08-24 18:02:39,816: log_options() 'quotes_vpos = 40'
INFO: 2022-08-24 18:02:39,816: log_options() 'quotes_width = 70'
INFO: 2022-08-24 18:02:39,816: log_options() 'safe_mode = False'
INFO: 2022-08-24 18:02:39,816: log_options() 'slideshow_custom_enabled = False'
INFO: 2022-08-24 18:02:39,816: log_options() 'slideshow_custom_folder = /home/technom/Pictures'
INFO: 2022-08-24 18:02:39,816: log_options() 'slideshow_downloads_enabled = False'
INFO: 2022-08-24 18:02:39,816: log_options() 'slideshow_fade = 0.4'
INFO: 2022-08-24 18:02:39,816: log_options() 'slideshow_favorites_enabled = True'
INFO: 2022-08-24 18:02:39,816: log_options() 'slideshow_mode = Fullscreen'
INFO: 2022-08-24 18:02:39,816: log_options() 'slideshow_monitor = All'
INFO: 2022-08-24 18:02:39,816: log_options() 'slideshow_pan = 0.05'
INFO: 2022-08-24 18:02:39,816: log_options() 'slideshow_seconds = 6.0'
INFO: 2022-08-24 18:02:39,816: log_options() 'slideshow_sort_order = Random'
INFO: 2022-08-24 18:02:39,816: log_options() 'slideshow_sources_enabled = True'
INFO: 2022-08-24 18:02:39,816: log_options() 'slideshow_zoom = 0.2'
INFO: 2022-08-24 18:02:39,816: log_options() 'smart_enabled = False'
INFO: 2022-08-24 18:02:39,816: log_options() 'smart_notice_shown = False'
INFO: 2022-08-24 18:02:39,816: log_options() 'smart_register_shown = False'
INFO: 2022-08-24 18:02:39,816: log_options() 'sources = [[True, 'favorites', 'The Favorites folder'], [False, 'fetched', 'The Fetched folder'], [False, 'folder', '/usr/share/backgrounds'], [False, 'flickr', 'user:www.flickr.com/photos/peter-levi/;user_id:93647178@N00;'], [False, 'apod', "NASA's Astronomy Picture of the Day"], [False, 'bing', 'Bing Photo of the Day'], [False, 'earthview', 'Google Earth View Wallpapers'], [False, 'unsplash', 'High-resolution photos from Unsplash.com'], [False, 'wallhaven', 'https://wallhaven.cc/tag/853'], [False, 'reddit', 'https://www.reddit.com/r/wallpaper/'], [False, 'folder', '/home/technom/wallpapers'], [True, 'folder', '/home/technom/wallpapers/Anime']]'
INFO: 2022-08-24 18:02:39,816: log_options() 'stats_enabled = True'
INFO: 2022-08-24 18:02:39,816: log_options() 'stats_notice_shown = False'
INFO: 2022-08-24 18:02:39,816: log_options() 'sync_enabled = True'
INFO: 2022-08-24 18:02:39,816: log_options() 'use_landscape_enabled = True'
INFO: 2022-08-24 18:02:39,816: reload_config() 'No need to clear prepared queue'
INFO: 2022-08-24 18:02:39,816: update_indicator() 'Setting file info to: /home/technom/wallpapers/Anime/danny-and-the-franks-2.jpg'
INFO: 2022-08-24 18:02:39,819: load_last_change_time() 'Change interval < 6 hours, ignore persisted last_change_time, wait initially the whole interval: 300'
INFO: 2022-08-24 18:02:39,819: update_indicator() 'Setting file info to: /home/technom/wallpapers/Anime/danny-and-the-franks-2.jpg'
INFO: 2022-08-24 18:02:39,820: regular_change_thread() 'regular_change thread running'
INFO: 2022-08-24 18:02:39,820: prepare_thread() 'Prepare thread running'
INFO: 2022-08-24 18:02:39,820: prepare_thread() 'Prepared buffer contains 0 images'
INFO: 2022-08-24 18:02:39,820: prepare_thread() 'Preparing some images'
INFO: 2022-08-24 18:02:39,821: update_indicator_icon() 'Creating indicator'
WARNING: 2022-08-24 18:02:39,853: create_menu() 'Variety Slideshow is not installed. This is an optional extension adding pan-and-zoom slideshows to Variety: see https://github.com/peterlevi/variety-slideshow for details'
INFO: 2022-08-24 18:02:39,854: create_indicator() 'indicator backend: AyatanaAppIndicator3'
INFO: 2022-08-24 18:02:39,883: set_from_theme_icon() 'Showing indicator icon variety-indicator-dark from GTK theme'
INFO: 2022-08-24 18:02:39,896: prepare_thread() 'After search prepared buffer contains 68 images'
INFO: 2022-08-24 18:02:39,920: do_set_wp() 'Calling do_set_wp with /home/technom/wallpapers/Anime/danny-and-the-franks-2.jpg, time: 1661344359.9202452'
INFO: 2022-08-24 18:02:39,927: update_indicator() 'Setting file info to: /home/technom/wallpapers/Anime/danny-and-the-franks-2.jpg'
INFO: 2022-08-24 18:02:39,928: list_files() 'More than 1 files in the folders, stop listing'
INFO: 2022-08-24 18:02:41,109: reload() 'Reloading preferences dialog'
INFO: 2022-08-24 18:02:41,896: trigger_download() 'Triggering download thread to check if download needed'
INFO: 2022-08-24 18:02:59,839: server_options_thread() 'Fetching server options from http://tiny.cc/variety-options-063'
INFO: 2022-08-24 18:03:02,127: server_options_thread() 'Fetched server options: {'flickr': {'min_fill_queue_interval': 1200, 'min_download_interval': 1200}, 'wallbase': {'min_fill_queue_interval': 1800, 'min_download_interval': 1800}, 'wallhaven': {'min_fill_queue_interval': 1800, 'min_download_interval': 1800}, 'wallpapers.net': {'min_fill_queue_interval': 601, 'min_download_interval': 0}, 'unsplash': {'min_fill_queue_interval': 20000000000, 'min_download_interval': 20000000000}, 'unsplash_v2': {'min_fill_queue_interval': 3600, 'min_download_interval': 1800}, 'status_message': {'0.0.1': '', '*': ''}}'
INFO: 2022-08-24 18:07:39,820: regular_change_thread() 'regular_change changes wallpaper'
INFO: 2022-08-24 18:07:39,820: set_wallpaper() 'Calling set_wallpaper with /home/technom/.config/variety/Favorites/cat-girl-II.jpg'
INFO: 2022-08-24 18:07:39,821: do_set_wp() 'Calling do_set_wp with /home/technom/.config/variety/Favorites/cat-girl-II.jpg, time: 1661344659.8209975'
INFO: 2022-08-24 18:07:39,821: prepare_thread() 'Prepared buffer contains 67 images'
INFO: 2022-08-24 18:07:39,826: update_indicator() 'Setting file info to: /home/technom/.config/variety/Favorites/cat-girl-II.jpg'
INFO: 2022-08-24 18:07:39,826: list_files() 'More than 1 files in the folders, stop listing'
INFO: 2022-08-24 18:07:41,821: trigger_download() 'Triggering download thread to check if download needed'
INFO: 2022-08-24 18:12:39,887: regular_change_thread() 'regular_change changes wallpaper'
INFO: 2022-08-24 18:12:39,887: set_wallpaper() 'Calling set_wallpaper with /home/technom/wallpapers/Anime/danny-and-the-franks.jpg'
INFO: 2022-08-24 18:12:39,888: prepare_thread() 'Prepared buffer contains 66 images'
INFO: 2022-08-24 18:12:39,888: do_set_wp() 'Calling do_set_wp with /home/technom/wallpapers/Anime/danny-and-the-franks.jpg, time: 1661344959.8884861'
INFO: 2022-08-24 18:12:39,892: update_indicator() 'Setting file info to: /home/technom/wallpapers/Anime/danny-and-the-franks.jpg'
INFO: 2022-08-24 18:12:39,893: list_files() 'More than 1 files in the folders, stop listing'
INFO: 2022-08-24 18:12:41,888: trigger_download() 'Triggering download thread to check if download needed'
INFO: 2022-08-24 18:17:39,959: regular_change_thread() 'regular_change changes wallpaper'
INFO: 2022-08-24 18:17:39,959: set_wallpaper() 'Calling set_wallpaper with /home/technom/wallpapers/Anime/reach-for-the-stars-girl.jpg'
INFO: 2022-08-24 18:17:39,959: prepare_thread() 'Prepared buffer contains 65 images'
INFO: 2022-08-24 18:17:39,959: do_set_wp() 'Calling do_set_wp with /home/technom/wallpapers/Anime/reach-for-the-stars-girl.jpg, time: 1661345259.9599102'
INFO: 2022-08-24 18:17:39,966: update_indicator() 'Setting file info to: /home/technom/wallpapers/Anime/reach-for-the-stars-girl.jpg'
INFO: 2022-08-24 18:17:39,967: list_files() 'More than 1 files in the folders, stop listing'
INFO: 2022-08-24 18:17:41,960: trigger_download() 'Triggering download thread to check if download needed'
INFO: 2022-08-24 18:22:40,069: regular_change_thread() 'regular_change changes wallpaper'
INFO: 2022-08-24 18:22:40,069: set_wallpaper() 'Calling set_wallpaper with /home/technom/wallpapers/Anime/some-furry-girl.png'
INFO: 2022-08-24 18:22:40,069: prepare_thread() 'Prepared buffer contains 64 images'
INFO: 2022-08-24 18:22:40,070: do_set_wp() 'Calling do_set_wp with /home/technom/wallpapers/Anime/some-furry-girl.png, time: 1661345560.0703328'
INFO: 2022-08-24 18:22:40,077: update_indicator() 'Setting file info to: /home/technom/wallpapers/Anime/some-furry-girl.png'
INFO: 2022-08-24 18:22:40,078: list_files() 'More than 1 files in the folders, stop listing'
INFO: 2022-08-24 18:22:42,070: trigger_download() 'Triggering download thread to check if download needed'
INFO: 2022-08-24 18:27:40,142: regular_change_thread() 'regular_change changes wallpaper'
INFO: 2022-08-24 18:27:40,143: set_wallpaper() 'Calling set_wallpaper with /home/technom/wallpapers/Anime/fate-1.jpg'
INFO: 2022-08-24 18:27:40,143: prepare_thread() 'Prepared buffer contains 63 images'
INFO: 2022-08-24 18:27:40,143: do_set_wp() 'Calling do_set_wp with /home/technom/wallpapers/Anime/fate-1.jpg, time: 1661345860.1435952'
INFO: 2022-08-24 18:27:40,152: update_indicator() 'Setting file info to: /home/technom/wallpapers/Anime/fate-1.jpg'
INFO: 2022-08-24 18:27:40,153: list_files() 'More than 1 files in the folders, stop listing'
INFO: 2022-08-24 18:27:42,144: trigger_download() 'Triggering download thread to check if download needed'
INFO: 2022-08-24 18:32:40,243: regular_change_thread() 'regular_change changes wallpaper'
INFO: 2022-08-24 18:32:40,249: set_wallpaper() 'Calling set_wallpaper with /home/technom/wallpapers/Anime/some-lolly-girl-idk.jpg'
INFO: 2022-08-24 18:32:40,249: prepare_thread() 'Prepared buffer contains 62 images'
INFO: 2022-08-24 18:32:40,249: do_set_wp() 'Calling do_set_wp with /home/technom/wallpapers/Anime/some-lolly-girl-idk.jpg, time: 1661346160.249728'
INFO: 2022-08-24 18:32:40,927: update_indicator() 'Setting file info to: /home/technom/wallpapers/Anime/some-lolly-girl-idk.jpg'
INFO: 2022-08-24 18:32:40,960: list_files() 'More than 1 files in the folders, stop listing'
INFO: 2022-08-24 18:32:42,250: trigger_download() 'Triggering download thread to check if download needed'
INFO: 2022-08-24 18:37:42,277: regular_change_thread() 'regular_change changes wallpaper'
INFO: 2022-08-24 18:37:42,284: set_wallpaper() 'Calling set_wallpaper with /home/technom/wallpapers/Anime/another-anime-girl.jpg'
INFO: 2022-08-24 18:37:42,284: prepare_thread() 'Prepared buffer contains 61 images'
INFO: 2022-08-24 18:37:42,285: do_set_wp() 'Calling do_set_wp with /home/technom/wallpapers/Anime/another-anime-girl.jpg, time: 1661346462.2853956'
INFO: 2022-08-24 18:37:42,293: update_indicator() 'Setting file info to: /home/technom/wallpapers/Anime/another-anime-girl.jpg'
INFO: 2022-08-24 18:37:42,294: list_files() 'More than 1 files in the folders, stop listing'
INFO: 2022-08-24 18:37:44,285: trigger_download() 'Triggering download thread to check if download needed'
INFO: 2022-08-24 18:42:42,382: regular_change_thread() 'regular_change changes wallpaper'
INFO: 2022-08-24 18:42:42,383: set_wallpaper() 'Calling set_wallpaper with /home/technom/wallpapers/Anime/girl-shell.jpg'
INFO: 2022-08-24 18:42:42,383: prepare_thread() 'Prepared buffer contains 60 images'
INFO: 2022-08-24 18:42:42,383: do_set_wp() 'Calling do_set_wp with /home/technom/wallpapers/Anime/girl-shell.jpg, time: 1661346762.3837278'
INFO: 2022-08-24 18:42:42,390: update_indicator() 'Setting file info to: /home/technom/wallpapers/Anime/girl-shell.jpg'
INFO: 2022-08-24 18:42:42,390: list_files() 'More than 1 files in the folders, stop listing'
INFO: 2022-08-24 18:42:44,384: trigger_download() 'Triggering download thread to check if download needed'
INFO: 2022-08-24 18:47:42,453: regular_change_thread() 'regular_change changes wallpaper'
INFO: 2022-08-24 18:47:42,453: set_wallpaper() 'Calling set_wallpaper with /home/technom/.config/variety/Favorites/wallhaven-6kg2y6.jpg'
INFO: 2022-08-24 18:47:42,453: prepare_thread() 'Prepared buffer contains 59 images'
INFO: 2022-08-24 18:47:42,453: do_set_wp() 'Calling do_set_wp with /home/technom/.config/variety/Favorites/wallhaven-6kg2y6.jpg, time: 1661347062.453881'
INFO: 2022-08-24 18:47:42,461: update_indicator() 'Setting file info to: /home/technom/.config/variety/Favorites/wallhaven-6kg2y6.jpg'
INFO: 2022-08-24 18:47:42,463: list_files() 'More than 1 files in the folders, stop listing'
INFO: 2022-08-24 18:47:44,454: trigger_download() 'Triggering download thread to check if download needed'
INFO: 2022-08-24 18:52:42,601: regular_change_thread() 'regular_change changes wallpaper'
INFO: 2022-08-24 18:52:42,601: set_wallpaper() 'Calling set_wallpaper with /home/technom/wallpapers/Anime/some-girl.jpg'
INFO: 2022-08-24 18:52:42,602: prepare_thread() 'Prepared buffer contains 58 images'
INFO: 2022-08-24 18:52:42,602: do_set_wp() 'Calling do_set_wp with /home/technom/wallpapers/Anime/some-girl.jpg, time: 1661347362.602636'
INFO: 2022-08-24 18:52:42,610: update_indicator() 'Setting file info to: /home/technom/wallpapers/Anime/some-girl.jpg'
INFO: 2022-08-24 18:52:42,611: list_files() 'More than 1 files in the folders, stop listing'
INFO: 2022-08-24 18:52:44,602: trigger_download() 'Triggering download thread to check if download needed'
INFO: 2022-08-24 18:57:42,695: regular_change_thread() 'regular_change changes wallpaper'
INFO: 2022-08-24 18:57:42,695: set_wallpaper() 'Calling set_wallpaper with /home/technom/.config/variety/Favorites/ejxkaafb4e991.jpg'
INFO: 2022-08-24 18:57:42,696: prepare_thread() 'Prepared buffer contains 57 images'
INFO: 2022-08-24 18:57:42,696: do_set_wp() 'Calling do_set_wp with /home/technom/.config/variety/Favorites/ejxkaafb4e991.jpg, time: 1661347662.696263'
INFO: 2022-08-24 18:57:42,703: update_indicator() 'Setting file info to: /home/technom/.config/variety/Favorites/ejxkaafb4e991.jpg'
INFO: 2022-08-24 18:57:42,704: list_files() 'More than 1 files in the folders, stop listing'
INFO: 2022-08-24 18:57:44,696: trigger_download() 'Triggering download thread to check if download needed'
INFO: 2022-08-24 19:02:42,778: regular_change_thread() 'regular_change changes wallpaper'
INFO: 2022-08-24 19:02:42,778: set_wallpaper() 'Calling set_wallpaper with /home/technom/wallpapers/Anime/some-isekai-princess.jpg'
INFO: 2022-08-24 19:02:42,778: do_set_wp() 'Calling do_set_wp with /home/technom/wallpapers/Anime/some-isekai-princess.jpg, time: 1661347962.7788699'
INFO: 2022-08-24 19:02:42,779: prepare_thread() 'Prepared buffer contains 56 images'
INFO: 2022-08-24 19:02:42,786: update_indicator() 'Setting file info to: /home/technom/wallpapers/Anime/some-isekai-princess.jpg'
INFO: 2022-08-24 19:02:42,787: list_files() 'More than 1 files in the folders, stop listing'
INFO: 2022-08-24 19:02:44,780: trigger_download() 'Triggering download thread to check if download needed'
INFO: 2022-08-24 19:07:42,869: regular_change_thread() 'regular_change changes wallpaper'
INFO: 2022-08-24 19:07:42,869: set_wallpaper() 'Calling set_wallpaper with /home/technom/.config/variety/Favorites/photo-1656383901557-9f4db8483d3b.jpg'
INFO: 2022-08-24 19:07:42,870: prepare_thread() 'Prepared buffer contains 55 images'
INFO: 2022-08-24 19:07:42,870: do_set_wp() 'Calling do_set_wp with /home/technom/.config/variety/Favorites/photo-1656383901557-9f4db8483d3b.jpg, time: 1661348262.870636'
INFO: 2022-08-24 19:07:42,878: update_indicator() 'Setting file info to: /home/technom/.config/variety/Favorites/photo-1656383901557-9f4db8483d3b.jpg'
INFO: 2022-08-24 19:07:42,880: list_files() 'More than 1 files in the folders, stop listing'
INFO: 2022-08-24 19:07:44,871: trigger_download() 'Triggering download thread to check if download needed'
INFO: 2022-08-24 19:12:42,986: regular_change_thread() 'regular_change changes wallpaper'
INFO: 2022-08-24 19:12:42,986: set_wallpaper() 'Calling set_wallpaper with /home/technom/wallpapers/Anime/unknown.png'
INFO: 2022-08-24 19:12:42,986: prepare_thread() 'Prepared buffer contains 54 images'
INFO: 2022-08-24 19:12:42,987: do_set_wp() 'Calling do_set_wp with /home/technom/wallpapers/Anime/unknown.png, time: 1661348562.9872005'
INFO: 2022-08-24 19:12:42,992: update_indicator() 'Setting file info to: /home/technom/wallpapers/Anime/unknown.png'
INFO: 2022-08-24 19:12:42,996: list_files() 'More than 1 files in the folders, stop listing'
INFO: 2022-08-24 19:12:44,987: trigger_download() 'Triggering download thread to check if download needed'
